<?xml version="1.0" encoding="UTF-8"?>
<!-- Generated by org.testng.reporters.JUnitXMLReporter -->
<testsuite hostname="Ankit" ignored="0" name="Test" tests="5" failures="0" timestamp="2024-09-16T19:03:25 IST" time="56.806" errors="0">
  <testcase name="validateLogInPagetitle" time="0.022" classname="com.qa.test.LogInTest"/>
  <testcase name="verifyDashboardtitlePage" time="0.008" classname="com.qa.test.DashBoardTest"/>
  <testcase name="verify_Sidebar_Headers" time="5.245" classname="com.qa.test.DashBoardTest"/>
  <testcase name="verifyDashboardheader" time="0.472" classname="com.qa.test.DashBoardTest"/>
  <testcase name="toVerifyTheUserName" time="1.758" classname="com.qa.test.DashBoardTest"/>
</testsuite> <!-- Test -->
